<?xml version="1.0" encoding="UTF-8"?>
<testsuite xmlns:xsi="http://www.w3.org/2001/XMLSchema-instance" xsi:noNamespaceSchemaLocation="https://maven.apache.org/surefire/maven-surefire-plugin/xsd/surefire-test-report.xsd" version="3.0.2" name="com.omrbranch.runner.TestRunnerClass2" time="16.462" tests="5" errors="0" skipped="0" failures="0">
  <properties>
[...]
</properties>
  <testcase name="user is on the OMR Branch page" classname="verify OMR Branch login with valid credentials #2" time="0.003">
    <system-out><![CDATA[
@Login2
Scenario Outline: verify OMR Branch login with valid credentials &amp#27;[90m# src/test/resources/Features/Login.feature:23&amp#27;[0m
...Before....
]]></system-out>
    <system-err><![CDATA[Dec 24, 2024 3:01:15 PM org.openqa.selenium.devtools.CdpVersionFinder findNearestMatch
WARNING: Unable to find CDP implementation matching 131
Dec 24, 2024 3:01:15 PM org.openqa.selenium.chromium.ChromiumDriver lambda$new$5
WARNING: Unable to find version of CDP to use for 131.0.6778.205. You may need to include a dependency on a specific version of the CDP using something similar to `org.seleniumhq.selenium:selenium-devtools-v86:4.22.0` where the version ("v86") matches the version of the chromium-based browser you're using and the version number of the artifact is the same as Selenium's.
]]></system-err>
  </testcase>
  <testcase name="user enters &quot;crshahul11@gmail.com&quot; and &quot;shahuL@1991&quot;" classname="verify OMR Branch login with valid credentials #2" time="0.63">
    <system-out><![CDATA[  &amp#27;[32mGiven &amp#27;[0m&amp#27;[32muser is on the OMR Branch page&amp#27;[0m                           &amp#27;[90m# com.omrbranch.stepdefinition.LoginStep.a()&amp#27;[0m
]]></system-out>
  </testcase>
  <testcase name="users click the login button" classname="verify OMR Branch login with valid credentials #2" time="0.161">
    <system-out><![CDATA[  &amp#27;[32mWhen &amp#27;[0m&amp#27;[32muser enters &amp#27;[0m&amp#27;[32m&amp#27;[1m"crshahul11@gmail.com"&amp#27;[0m&amp#27;[32m and &amp#27;[0m&amp#27;[32m&amp#27;[1m"shahuL@1991"&amp#27;[0m      &amp#27;[90m# com.omrbranch.stepdefinition.LoginStep.b(java.lang.String,java.lang.String)&amp#27;[0m
]]></system-out>
  </testcase>
  <testcase name="user should verify after login success message" classname="verify OMR Branch login with valid credentials #2" time="3.255">
    <system-out><![CDATA[  &amp#27;[32mAnd &amp#27;[0m&amp#27;[32musers click the login button&amp#27;[0m                               &amp#27;[90m# com.omrbranch.stepdefinition.LoginStep.c()&amp#27;[0m
]]></system-out>
  </testcase>
  <testcase name="" classname="verify OMR Branch login with valid credentials #2" time="4.123">
    <system-out><![CDATA[  &amp#27;[32mThen &amp#27;[0m&amp#27;[32muser should verify after login success message&amp#27;[0m            &amp#27;[90m# com.omrbranch.stepdefinition.LoginStep.user_should_verify_after_login_success_message()&amp#27;[0m
....After....

    Embedding verify OMR Branch login with valid credentials [image/png 119656 bytes]

]]></system-out>
    <system-err><![CDATA[Dec 24, 2024 3:01:21 PM org.openqa.selenium.remote.http.WebSocket$Listener onError
WARNING: Connection reset
java.net.SocketException: Connection reset
	at java.base/sun.nio.ch.SocketChannelImpl.throwConnectionReset(SocketChannelImpl.java:401)
	at java.base/sun.nio.ch.SocketChannelImpl.read(SocketChannelImpl.java:434)
	at java.net.http/jdk.internal.net.http.SocketTube.readAvailable(SocketTube.java:1178)
	at java.net.http/jdk.internal.net.http.SocketTube$InternalReadPublisher$InternalReadSubscription.read(SocketTube.java:841)
	at java.net.http/jdk.internal.net.http.SocketTube$SocketFlowTask.run(SocketTube.java:181)
	at java.net.http/jdk.internal.net.http.common.SequentialScheduler$SchedulableTask.run(SequentialScheduler.java:207)
	at java.net.http/jdk.internal.net.http.common.SequentialScheduler.runOrSchedule(SequentialScheduler.java:280)
	at java.net.http/jdk.internal.net.http.common.SequentialScheduler.runOrSchedule(SequentialScheduler.java:233)
	at java.net.http/jdk.internal.net.http.SocketTube$InternalReadPublisher$InternalReadSubscription.signalReadable(SocketTube.java:782)
	at java.net.http/jdk.internal.net.http.SocketTube$InternalReadPublisher$ReadEvent.signalEvent(SocketTube.java:965)
	at java.net.http/jdk.internal.net.http.SocketTube$SocketFlowEvent.handle(SocketTube.java:253)
	at java.net.http/jdk.internal.net.http.HttpClientImpl$SelectorManager.handleEvent(HttpClientImpl.java:1467)
	at java.net.http/jdk.internal.net.http.HttpClientImpl$SelectorManager.lambda$run$3(HttpClientImpl.java:1412)
	at java.base/java.util.ArrayList.forEach(ArrayList.java:1596)
	at java.net.http/jdk.internal.net.http.HttpClientImpl$SelectorManager.run(HttpClientImpl.java:1412)

]]></system-err>
  </testcase>
</testsuite>